Execution of job "main (trigger: interval[0:00:15], next run at: 2024-09-08 13:33:53 CST)" skipped: maximum number of running instances reached (1)
Execution of job "main (trigger: interval[0:00:15], next run at: 2024-09-08 13:34:23 CST)" skipped: maximum number of running instances reached (1)
Execution of job "main (trigger: interval[0:00:15], next run at: 2024-09-08 13:34:53 CST)" skipped: maximum number of running instances reached (1)
Traceback (most recent call last):
  File "main.py", line 6, in <module>
    from apscheduler.triggers.weekly import WeeklyTrigger
ModuleNotFoundError: No module named 'apscheduler.triggers.weekly'
Traceback (most recent call last):
  File "main.py", line 6, in <module>
    from apscheduler.triggers.weekly import WeeklyTrigger
ModuleNotFoundError: No module named 'apscheduler.triggers.weekly'
Traceback (most recent call last):
  File "main.py", line 300, in <module>
    scheduler.add_job(delete_file, CronTrigger(day_of_week='mon', hour=0, minute=0))
NameError: name 'delete_file' is not defined
Execution of job "main (trigger: interval[0:00:15], next run at: 2024-09-08 13:48:50 CST)" skipped: maximum number of running instances reached (1)
Execution of job "main (trigger: interval[0:00:15], next run at: 2024-09-08 13:49:05 CST)" skipped: maximum number of running instances reached (1)
Execution of job "main (trigger: interval[0:00:15], next run at: 2024-09-08 13:49:20 CST)" skipped: maximum number of running instances reached (1)
Execution of job "main (trigger: interval[0:00:15], next run at: 2024-09-08 13:49:50 CST)" skipped: maximum number of running instances reached (1)
nohup: pytho3: No such file or directory
Execution of job "main (trigger: interval[0:00:15], next run at: 2024-09-08 13:55:47 CST)" skipped: maximum number of running instances reached (1)
Execution of job "main (trigger: interval[0:00:15], next run at: 2024-09-08 13:59:32 CST)" skipped: maximum number of running instances reached (1)
Execution of job "main (trigger: interval[0:00:15], next run at: 2024-09-08 13:59:47 CST)" skipped: maximum number of running instances reached (1)
Execution of job "main (trigger: interval[0:00:15], next run at: 2024-09-08 14:01:17 CST)" skipped: maximum number of running instances reached (1)
Execution of job "main (trigger: interval[0:00:15], next run at: 2024-09-08 14:01:47 CST)" skipped: maximum number of running instances reached (1)
Execution of job "main (trigger: interval[0:00:15], next run at: 2024-09-08 14:02:02 CST)" skipped: maximum number of running instances reached (1)
Execution of job "main (trigger: interval[0:00:15], next run at: 2024-09-08 14:04:17 CST)" skipped: maximum number of running instances reached (1)
Execution of job "main (trigger: interval[0:00:15], next run at: 2024-09-08 14:04:32 CST)" skipped: maximum number of running instances reached (1)
Execution of job "main (trigger: interval[0:00:15], next run at: 2024-09-08 14:04:47 CST)" skipped: maximum number of running instances reached (1)
Execution of job "main (trigger: interval[0:00:15], next run at: 2024-09-08 14:05:02 CST)" skipped: maximum number of running instances reached (1)
Execution of job "main (trigger: interval[0:00:15], next run at: 2024-09-08 14:05:17 CST)" skipped: maximum number of running instances reached (1)
Execution of job "main (trigger: interval[0:00:15], next run at: 2024-09-08 14:05:32 CST)" skipped: maximum number of running instances reached (1)
Execution of job "main (trigger: interval[0:00:15], next run at: 2024-09-08 14:05:47 CST)" skipped: maximum number of running instances reached (1)
